25, 9, 2012 08:27:33 ::  0.042026042938232
 
25, 9, 2012 08:28:41 ::  0.042313814163208
 
25, 9, 2012 08:28:44 ::  0.034742116928101
 
25, 9, 2012 08:28:48 ::  0.038655042648315
 
25, 9, 2012 08:28:51 ::  0.039178133010864
 
25, 9, 2012 08:28:54 ::  0.036838054656982
 
25, 9, 2012 08:29:37 ::  0.04230809211731
 
25, 9, 2012 08:29:40 ::  0.043440818786621
 
25, 9, 2012 08:29:46 ::  0.038945198059082
 
25, 9, 2012 08:30:09 ::  0.040714025497437
 
25, 9, 2012 08:30:29 ::  0.045989990234375
 
25, 9, 2012 08:31:29 ::  0.061340093612671
 
25, 9, 2012 08:31:40 ::  0.054611206054688
 
25, 9, 2012 08:31:44 ::  0.057042121887207
 
25, 9, 2012 08:31:51 ::  0.053710222244263
 
25, 9, 2012 08:31:54 ::  0.053248167037964
 
25, 9, 2012 08:31:56 ::  0.064332962036133
 
25, 9, 2012 08:32:02 ::  0.7634220123291
 
25, 9, 2012 08:32:09 ::  0.72114682197571
 
25, 9, 2012 08:32:13 ::  0.99128007888794
 
